<?xml version="1.0" encoding="UTF-8"?>
<!-- Generated by org.testng.reporters.JUnitXMLReporter -->
<testsuite ignored="2" hostname="ASUS" failures="0" tests="3" name="Test" time="0.055" errors="0" timestamp="2024-10-04T15:01:55 IST">
  <testcase classname="groupexclude.Allclass" name="TC_01" time="0.013"/>
  <testcase classname="groupexclude.Allclass" name="TC_04" time="0.001"/>
  <testcase classname="groupexclude.Allclass" name="TC_05" time="0.001"/>
  <testcase classname="groupexclude.Allclass" name="TC_03" time="0.0">
    <ignored/>
  </testcase> <!-- TC_03 -->
  <testcase classname="groupexclude.Allclass" name="TC_02" time="0.0">
    <ignored/>
  </testcase> <!-- TC_02 -->
</testsuite> <!-- Test -->
